{
  "RSpec": {
    "coverage": {
      "/Users/quinnkrug/turing/4module/holiday_finder/app/facades/holiday_facade.rb": [
        1,
        null,
        1,
        null,
        null,
        null,
        1,
        1,
        null,
        51,
        null,
        null,
        null,
        1,
        1,
        null,
        null,
        1,
        null,
        1,
        2,
        null,
        null,
        1,
        null,
        null,
        null,
        null
      ],
      "/Users/quinnkrug/turing/4module/holiday_finder/spec/features/user_can_visit_root_page_spec.rb": [
        1,
        null,
        1,
        1,
        0,
        null,
        0,
        null,
        null
      ],
      "/Users/quinnkrug/turing/4module/holiday_finder/spec/model/favorite_spec.rb": [
        1,
        null,
        1,
        null,
        1,
        2,
        null,
        null,
        null
      ],
      "/Users/quinnkrug/turing/4module/holiday_finder/app/models/favorite.rb": [
        1,
        1,
        null
      ],
      "/Users/quinnkrug/turing/4module/holiday_finder/app/models/application_record.rb": [
        1,
        1,
        null
      ],
      "/Users/quinnkrug/turing/4module/holiday_finder/spec/model/user_spec.rb": [
        1,
        null,
        1,
        null,
        1,
        2,
        null,
        null,
        null
      ],
      "/Users/quinnkrug/turing/4module/holiday_finder/app/models/user.rb": [
        1,
        1,
        null
      ],
      "/Users/quinnkrug/turing/4module/holiday_finder/spec/service/holiday_service_spec.rb": [
        1,
        null,
        1,
        null,
        1,
        1,
        null,
        1,
        null,
        null,
        1,
        1,
        1,
        null,
        1,
        null,
        null,
        1,
        1,
        1,
        null,
        1,
        null,
        null,
        null
      ],
      "/Users/quinnkrug/turing/4module/holiday_finder/app/services/holiday_service.rb": [
        1,
        null,
        1,
        5,
        5,
        5,
        5,
        null,
        null,
        1,
        2,
        null,
        2,
        null,
        null,
        1,
        2,
        null,
        2,
        null,
        null,
        null,
        1,
        null,
        1,
        4,
        null,
        null,
        null,
        null
      ]
    },
    "timestamp": 1551275383
  }
}
